Arguments: 
  C:\Program Files\nodejs\node.exe C:\Users\chief\AppData\Roaming\npm\node_modules\yarn\bin\yarn.js init

PATH: 
  C:\Users\chief\bin;C:\Program Files\Git\mingw64\bin;C:\Program Files\Git\usr\local\bin;C:\Program Files\Git\usr\bin;C:\Program Files\Git\usr\bin;C:\Program Files\Git\mingw64\bin;C:\Program Files\Git\usr\bin;C:\Users\chief\bin;C:\Program Files\Java\jdk-10\bin;C:\ProgramData\Oracle\Java\javapath;C:\WINDOWS\system32;C:\WINDOWS;C:\WINDOWS\System32\Wbem;C:\WINDOWS\System32\WindowsPowerShell\v1.0;C:\WINDOWS\System32\OpenSSH;C:\Program Files\Git\cmd;C:\Program Files\nodejs;C:\Ruby24-x64\bin;C:\Users\chief\AppData\Local\Microsoft\WindowsApps;C:\Program Files\Microsoft VS Code\bin;C:\Program Files\Bandizip;C:\Users\chief\AppData\Local\atom\bin;C:\Users\chief\AppData\Local\GitHubDesktop\bin;C:\Users\chief\AppData\Local\Microsoft\WindowsApps;C:\Users\chief\AppData\Roaming\npm;C:\Users\chief\AppData\Local\now-cli;C:\Program Files\Git\usr\bin\vendor_perl;C:\Program Files\Git\usr\bin\core_perl

Yarn version: 
  1.7.0

Node version: 
  10.2.0

Platform: 
  win32 x64

Trace: 
  Error: Can't answer a question unless a user TTY
      at ConsoleReporter.question (C:\Users\chief\AppData\Roaming\npm\node_modules\yarn\lib\cli.js:94294:59)
      at Object.<anonymous> (C:\Users\chief\AppData\Roaming\npm\node_modules\yarn\lib\cli.js:87100:38)
      at Generator.next (<anonymous>)
      at step (C:\Users\chief\AppData\Roaming\npm\node_modules\yarn\lib\cli.js:98:30)
      at C:\Users\chief\AppData\Roaming\npm\node_modules\yarn\lib\cli.js:109:13
      at process._tickCallback (internal/process/next_tick.js:68:7)

npm manifest: 
  No manifest

yarn manifest: 
  No manifest

Lockfile: 
  No lockfile
